<testsuite name="Mocha Tests" tests="3" failures="2" errors="2" skipped="0" timestamp="Thu, 10 Aug 2017 20:22:51 GMT" time="0.005">
<testcase classname="Add 2 numbers" name="should be an object" time="0"><failure>Cannot read property 'should' of undefined
TypeError: Cannot read property 'should' of undefined
    at Context.&lt;anonymous&gt; (test/test.js:10:8)</failure></testcase>
<testcase classname="Add 2 numbers" name="should return 4" time="0"><failure>Cannot read property 'add' of undefined
TypeError: Cannot read property 'add' of undefined
    at Context.&lt;anonymous&gt; (test/test.js:14:21)</failure></testcase>
<testcase classname="Array #indexOf()" name="should return -1 when the value is not present" time="0"/>
</testsuite>
